<?xml version="1.0" encoding="UTF-8"?>
<!-- Generated by org.testng.reporters.JUnitReportReporter -->
<testsuite skipped="0" hostname="DESKTOP-C7SRO4S" name="TestNg.Testing" tests="3" failures="0" timestamp="2020-05-21T10:40:31 IST" time="0.013" errors="0">
  <testcase name="TestCase2" time="0.002" classname="TestNg.Testing"/>
  <testcase name="TestCase3" time="0.003" classname="TestNg.Testing"/>
  <testcase name="TestCase1" time="0.008" classname="TestNg.Testing"/>
</testsuite> <!-- TestNg.Testing -->
