<?xml version="1.0" encoding="UTF-8"?>
<!-- Generated by org.testng.reporters.JUnitReportReporter -->
<testsuite skipped="0" hostname="DESKTOP-C7SRO4S" name="SS.HandleCalende" tests="1" failures="0" timestamp="2020-05-28T08:54:45 IST" time="8.068" errors="0">
  <testcase name="HandleCalederMethod" time="8.068" classname="SS.HandleCalende"/>
</testsuite> <!-- SS.HandleCalende -->
